2022-05-26 21:05:526 INFO  LoggerHelper:30 - Inside Step - market place website is open 
2022-05-26 21:05:123 INFO  LoggerHelper:39 - GOART Marketplace website opened.
2022-05-26 21:05:126 INFO  LoggerHelper:103 - Inside Step - clicks sign in button.
2022-05-26 21:05:140 ERROR LoggerHelper:93 - [[ChromeDriver: chrome on WINDOWS (7d11023671e4134a7e339e98a7a52126)] -> xpath: //button[@class='ant-btn ant-btn-secondary']]	is not visible.
java.lang.NullPointerException
	at pages.AbstractClass.clickOnFunctionalities(AbstractClass.java:85)
	at pages.loginPage.clickSignInButton(loginPage.java:49)
	at stepDefinitions.loginSteps.clickSignInButton(loginSteps.java:104)
	at sun.reflect.NativeMethodAccessorImpl.invoke0(Native Method)
	at sun.reflect.NativeMethodAccessorImpl.invoke(NativeMethodAccessorImpl.java:62)
	at sun.reflect.DelegatingMethodAccessorImpl.invoke(DelegatingMethodAccessorImpl.java:43)
	at java.lang.reflect.Method.invoke(Method.java:498)
	at io.cucumber.java.Invoker.doInvoke(Invoker.java:66)
	at io.cucumber.java.Invoker.invoke(Invoker.java:24)
	at io.cucumber.java.AbstractGlueDefinition.invokeMethod(AbstractGlueDefinition.java:47)
	at io.cucumber.java.JavaStepDefinition.execute(JavaStepDefinition.java:29)
	at io.cucumber.core.runner.CoreStepDefinition.execute(CoreStepDefinition.java:66)
	at io.cucumber.core.runner.PickleStepDefinitionMatch.runStep(PickleStepDefinitionMatch.java:63)
	at io.cucumber.core.runner.ExecutionMode$1.execute(ExecutionMode.java:10)
	at io.cucumber.core.runner.TestStep.executeStep(TestStep.java:86)
	at io.cucumber.core.runner.TestStep.run(TestStep.java:57)
	at io.cucumber.core.runner.PickleStepTestStep.run(PickleStepTestStep.java:51)
	at io.cucumber.core.runner.TestCase.run(TestCase.java:95)
	at io.cucumber.core.runner.Runner.runPickle(Runner.java:75)
	at io.cucumber.core.runtime.Runtime.lambda$executePickle$6(Runtime.java:128)
	at io.cucumber.core.runtime.CucumberExecutionContext.lambda$runTestCase$3(CucumberExecutionContext.java:151)
	at io.cucumber.core.runtime.RethrowingThrowableCollector.executeAndThrow(RethrowingThrowableCollector.java:23)
	at io.cucumber.core.runtime.CucumberExecutionContext.runTestCase(CucumberExecutionContext.java:151)
	at io.cucumber.core.runtime.Runtime.lambda$executePickle$7(Runtime.java:128)
	at java.util.concurrent.Executors$RunnableAdapter.call(Executors.java:511)
	at java.util.concurrent.FutureTask.run(FutureTask.java:266)
	at io.cucumber.core.runtime.Runtime$SameThreadExecutorService.execute(Runtime.java:249)
	at java.util.concurrent.AbstractExecutorService.submit(AbstractExecutorService.java:112)
	at io.cucumber.core.runtime.Runtime.lambda$runFeatures$3(Runtime.java:110)
	at java.util.stream.ReferencePipeline$3$1.accept(ReferencePipeline.java:193)
	at java.util.stream.SliceOps$1$1.accept(SliceOps.java:204)
	at java.util.ArrayList$ArrayListSpliterator.tryAdvance(ArrayList.java:1359)
	at java.util.stream.ReferencePipeline.forEachWithCancel(ReferencePipeline.java:126)
	at java.util.stream.AbstractPipeline.copyIntoWithCancel(AbstractPipeline.java:498)
	at java.util.stream.AbstractPipeline.copyInto(AbstractPipeline.java:485)
	at java.util.stream.AbstractPipeline.wrapAndCopyInto(AbstractPipeline.java:471)
	at java.util.stream.ReduceOps$ReduceOp.evaluateSequential(ReduceOps.java:708)
	at java.util.stream.AbstractPipeline.evaluate(AbstractPipeline.java:234)
	at java.util.stream.ReferencePipeline.collect(ReferencePipeline.java:499)
	at io.cucumber.core.runtime.Runtime.runFeatures(Runtime.java:111)
	at io.cucumber.core.runtime.Runtime.lambda$run$0(Runtime.java:82)
	at io.cucumber.core.runtime.Runtime.execute(Runtime.java:94)
	at io.cucumber.core.runtime.Runtime.run(Runtime.java:80)
	at io.cucumber.core.cli.Main.run(Main.java:87)
	at io.cucumber.core.cli.Main.main(Main.java:30)
2022-05-26 21:05:232 INFO  LoggerHelper:98 - Proxy element for: DefaultElementLocator 'By.xpath: //button[@class='ant-btn ant-btn-secondary']'	clicked.
2022-05-26 21:05:233 INFO  LoggerHelper:44 - Inside Step - user is on login page
2022-05-26 21:05:246 ERROR LoggerHelper:71 - [[ChromeDriver: chrome on WINDOWS (7d11023671e4134a7e339e98a7a52126)] -> xpath: //button[@type='submit']]is not visible
java.lang.NullPointerException
	at pages.AbstractClass.findElement(AbstractClass.java:66)
	at pages.loginPage.verifyLoginPage(loginPage.java:55)
	at stepDefinitions.loginSteps.verifyIAmInTheLoginPage(loginSteps.java:45)
	at sun.reflect.NativeMethodAccessorImpl.invoke0(Native Method)
	at sun.reflect.NativeMethodAccessorImpl.invoke(NativeMethodAccessorImpl.java:62)
	at sun.reflect.DelegatingMethodAccessorImpl.invoke(DelegatingMethodAccessorImpl.java:43)
	at java.lang.reflect.Method.invoke(Method.java:498)
	at io.cucumber.java.Invoker.doInvoke(Invoker.java:66)
	at io.cucumber.java.Invoker.invoke(Invoker.java:24)
	at io.cucumber.java.AbstractGlueDefinition.invokeMethod(AbstractGlueDefinition.java:47)
	at io.cucumber.java.JavaStepDefinition.execute(JavaStepDefinition.java:29)
	at io.cucumber.core.runner.CoreStepDefinition.execute(CoreStepDefinition.java:66)
	at io.cucumber.core.runner.PickleStepDefinitionMatch.runStep(PickleStepDefinitionMatch.java:63)
	at io.cucumber.core.runner.ExecutionMode$1.execute(ExecutionMode.java:10)
	at io.cucumber.core.runner.TestStep.executeStep(TestStep.java:86)
	at io.cucumber.core.runner.TestStep.run(TestStep.java:57)
	at io.cucumber.core.runner.PickleStepTestStep.run(PickleStepTestStep.java:51)
	at io.cucumber.core.runner.TestCase.run(TestCase.java:95)
	at io.cucumber.core.runner.Runner.runPickle(Runner.java:75)
	at io.cucumber.core.runtime.Runtime.lambda$executePickle$6(Runtime.java:128)
	at io.cucumber.core.runtime.CucumberExecutionContext.lambda$runTestCase$3(CucumberExecutionContext.java:151)
	at io.cucumber.core.runtime.RethrowingThrowableCollector.executeAndThrow(RethrowingThrowableCollector.java:23)
	at io.cucumber.core.runtime.CucumberExecutionContext.runTestCase(CucumberExecutionContext.java:151)
	at io.cucumber.core.runtime.Runtime.lambda$executePickle$7(Runtime.java:128)
	at java.util.concurrent.Executors$RunnableAdapter.call(Executors.java:511)
	at java.util.concurrent.FutureTask.run(FutureTask.java:266)
	at io.cucumber.core.runtime.Runtime$SameThreadExecutorService.execute(Runtime.java:249)
	at java.util.concurrent.AbstractExecutorService.submit(AbstractExecutorService.java:112)
	at io.cucumber.core.runtime.Runtime.lambda$runFeatures$3(Runtime.java:110)
	at java.util.stream.ReferencePipeline$3$1.accept(ReferencePipeline.java:193)
	at java.util.stream.SliceOps$1$1.accept(SliceOps.java:204)
	at java.util.ArrayList$ArrayListSpliterator.tryAdvance(ArrayList.java:1359)
	at java.util.stream.ReferencePipeline.forEachWithCancel(ReferencePipeline.java:126)
	at java.util.stream.AbstractPipeline.copyIntoWithCancel(AbstractPipeline.java:498)
	at java.util.stream.AbstractPipeline.copyInto(AbstractPipeline.java:485)
	at java.util.stream.AbstractPipeline.wrapAndCopyInto(AbstractPipeline.java:471)
	at java.util.stream.ReduceOps$ReduceOp.evaluateSequential(ReduceOps.java:708)
	at java.util.stream.AbstractPipeline.evaluate(AbstractPipeline.java:234)
	at java.util.stream.ReferencePipeline.collect(ReferencePipeline.java:499)
	at io.cucumber.core.runtime.Runtime.runFeatures(Runtime.java:111)
	at io.cucumber.core.runtime.Runtime.lambda$run$0(Runtime.java:82)
	at io.cucumber.core.runtime.Runtime.execute(Runtime.java:94)
	at io.cucumber.core.runtime.Runtime.run(Runtime.java:80)
	at io.cucumber.core.cli.Main.run(Main.java:87)
	at io.cucumber.core.cli.Main.main(Main.java:30)
2022-05-26 21:05:264 ERROR LoggerHelper:93 - [[ChromeDriver: chrome on WINDOWS (7d11023671e4134a7e339e98a7a52126)] -> id: rc-tabs-0-tab-signup]	is not visible.
java.lang.NullPointerException
	at pages.AbstractClass.clickOnFunctionalities(AbstractClass.java:85)
	at pages.signUpPage.clickSignUpTab(signUpPage.java:39)
	at stepDefinitions.signUpSteps.clickTheSignUpTab(signUpSteps.java:29)
	at sun.reflect.NativeMethodAccessorImpl.invoke0(Native Method)
	at sun.reflect.NativeMethodAccessorImpl.invoke(NativeMethodAccessorImpl.java:62)
	at sun.reflect.DelegatingMethodAccessorImpl.invoke(DelegatingMethodAccessorImpl.java:43)
	at java.lang.reflect.Method.invoke(Method.java:498)
	at io.cucumber.java.Invoker.doInvoke(Invoker.java:66)
	at io.cucumber.java.Invoker.invoke(Invoker.java:24)
	at io.cucumber.java.AbstractGlueDefinition.invokeMethod(AbstractGlueDefinition.java:47)
	at io.cucumber.java.JavaStepDefinition.execute(JavaStepDefinition.java:29)
	at io.cucumber.core.runner.CoreStepDefinition.execute(CoreStepDefinition.java:66)
	at io.cucumber.core.runner.PickleStepDefinitionMatch.runStep(PickleStepDefinitionMatch.java:63)
	at io.cucumber.core.runner.ExecutionMode$1.execute(ExecutionMode.java:10)
	at io.cucumber.core.runner.TestStep.executeStep(TestStep.java:86)
	at io.cucumber.core.runner.TestStep.run(TestStep.java:57)
	at io.cucumber.core.runner.PickleStepTestStep.run(PickleStepTestStep.java:51)
	at io.cucumber.core.runner.TestCase.run(TestCase.java:95)
	at io.cucumber.core.runner.Runner.runPickle(Runner.java:75)
	at io.cucumber.core.runtime.Runtime.lambda$executePickle$6(Runtime.java:128)
	at io.cucumber.core.runtime.CucumberExecutionContext.lambda$runTestCase$3(CucumberExecutionContext.java:151)
	at io.cucumber.core.runtime.RethrowingThrowableCollector.executeAndThrow(RethrowingThrowableCollector.java:23)
	at io.cucumber.core.runtime.CucumberExecutionContext.runTestCase(CucumberExecutionContext.java:151)
	at io.cucumber.core.runtime.Runtime.lambda$executePickle$7(Runtime.java:128)
	at java.util.concurrent.Executors$RunnableAdapter.call(Executors.java:511)
	at java.util.concurrent.FutureTask.run(FutureTask.java:266)
	at io.cucumber.core.runtime.Runtime$SameThreadExecutorService.execute(Runtime.java:249)
	at java.util.concurrent.AbstractExecutorService.submit(AbstractExecutorService.java:112)
	at io.cucumber.core.runtime.Runtime.lambda$runFeatures$3(Runtime.java:110)
	at java.util.stream.ReferencePipeline$3$1.accept(ReferencePipeline.java:193)
	at java.util.stream.SliceOps$1$1.accept(SliceOps.java:204)
	at java.util.ArrayList$ArrayListSpliterator.tryAdvance(ArrayList.java:1359)
	at java.util.stream.ReferencePipeline.forEachWithCancel(ReferencePipeline.java:126)
	at java.util.stream.AbstractPipeline.copyIntoWithCancel(AbstractPipeline.java:498)
	at java.util.stream.AbstractPipeline.copyInto(AbstractPipeline.java:485)
	at java.util.stream.AbstractPipeline.wrapAndCopyInto(AbstractPipeline.java:471)
	at java.util.stream.ReduceOps$ReduceOp.evaluateSequential(ReduceOps.java:708)
	at java.util.stream.AbstractPipeline.evaluate(AbstractPipeline.java:234)
	at java.util.stream.ReferencePipeline.collect(ReferencePipeline.java:499)
	at io.cucumber.core.runtime.Runtime.runFeatures(Runtime.java:111)
	at io.cucumber.core.runtime.Runtime.lambda$run$0(Runtime.java:82)
	at io.cucumber.core.runtime.Runtime.execute(Runtime.java:94)
	at io.cucumber.core.runtime.Runtime.run(Runtime.java:80)
	at io.cucumber.core.cli.Main.run(Main.java:87)
	at io.cucumber.core.cli.Main.main(Main.java:30)
2022-05-26 21:05:352 INFO  LoggerHelper:98 - [[ChromeDriver: chrome on WINDOWS (7d11023671e4134a7e339e98a7a52126)] -> id: rc-tabs-0-tab-signup]	clicked.
2022-05-26 21:05:353 INFO  LoggerHelper:34 - Inside Step - user enters username
2022-05-26 21:05:369 ERROR LoggerHelper:114 - [[ChromeDriver: chrome on WINDOWS (7d11023671e4134a7e339e98a7a52126)] -> xpath: //div[@class='ant-tabs-tabpane ant-tabs-tabpane-active']//input[@id='username']]	is not visible 
java.lang.NullPointerException
	at pages.AbstractClass.sendKeysFunction(AbstractClass.java:108)
	at pages.signUpPage.typeUsername(signUpPage.java:44)
	at stepDefinitions.signUpSteps.enterTheUniqueUsername(signUpSteps.java:35)
	at sun.reflect.NativeMethodAccessorImpl.invoke0(Native Method)
	at sun.reflect.NativeMethodAccessorImpl.invoke(NativeMethodAccessorImpl.java:62)
	at sun.reflect.DelegatingMethodAccessorImpl.invoke(DelegatingMethodAccessorImpl.java:43)
	at java.lang.reflect.Method.invoke(Method.java:498)
	at io.cucumber.java.Invoker.doInvoke(Invoker.java:66)
	at io.cucumber.java.Invoker.invoke(Invoker.java:24)
	at io.cucumber.java.AbstractGlueDefinition.invokeMethod(AbstractGlueDefinition.java:47)
	at io.cucumber.java.JavaStepDefinition.execute(JavaStepDefinition.java:29)
	at io.cucumber.core.runner.CoreStepDefinition.execute(CoreStepDefinition.java:66)
	at io.cucumber.core.runner.PickleStepDefinitionMatch.runStep(PickleStepDefinitionMatch.java:63)
	at io.cucumber.core.runner.ExecutionMode$1.execute(ExecutionMode.java:10)
	at io.cucumber.core.runner.TestStep.executeStep(TestStep.java:86)
	at io.cucumber.core.runner.TestStep.run(TestStep.java:57)
	at io.cucumber.core.runner.PickleStepTestStep.run(PickleStepTestStep.java:51)
	at io.cucumber.core.runner.TestCase.run(TestCase.java:95)
	at io.cucumber.core.runner.Runner.runPickle(Runner.java:75)
	at io.cucumber.core.runtime.Runtime.lambda$executePickle$6(Runtime.java:128)
	at io.cucumber.core.runtime.CucumberExecutionContext.lambda$runTestCase$3(CucumberExecutionContext.java:151)
	at io.cucumber.core.runtime.RethrowingThrowableCollector.executeAndThrow(RethrowingThrowableCollector.java:23)
	at io.cucumber.core.runtime.CucumberExecutionContext.runTestCase(CucumberExecutionContext.java:151)
	at io.cucumber.core.runtime.Runtime.lambda$executePickle$7(Runtime.java:128)
	at java.util.concurrent.Executors$RunnableAdapter.call(Executors.java:511)
	at java.util.concurrent.FutureTask.run(FutureTask.java:266)
	at io.cucumber.core.runtime.Runtime$SameThreadExecutorService.execute(Runtime.java:249)
	at java.util.concurrent.AbstractExecutorService.submit(AbstractExecutorService.java:112)
	at io.cucumber.core.runtime.Runtime.lambda$runFeatures$3(Runtime.java:110)
	at java.util.stream.ReferencePipeline$3$1.accept(ReferencePipeline.java:193)
	at java.util.stream.SliceOps$1$1.accept(SliceOps.java:204)
	at java.util.ArrayList$ArrayListSpliterator.tryAdvance(ArrayList.java:1359)
	at java.util.stream.ReferencePipeline.forEachWithCancel(ReferencePipeline.java:126)
	at java.util.stream.AbstractPipeline.copyIntoWithCancel(AbstractPipeline.java:498)
	at java.util.stream.AbstractPipeline.copyInto(AbstractPipeline.java:485)
	at java.util.stream.AbstractPipeline.wrapAndCopyInto(AbstractPipeline.java:471)
	at java.util.stream.ReduceOps$ReduceOp.evaluateSequential(ReduceOps.java:708)
	at java.util.stream.AbstractPipeline.evaluate(AbstractPipeline.java:234)
	at java.util.stream.ReferencePipeline.collect(ReferencePipeline.java:499)
	at io.cucumber.core.runtime.Runtime.runFeatures(Runtime.java:111)
	at io.cucumber.core.runtime.Runtime.lambda$run$0(Runtime.java:82)
	at io.cucumber.core.runtime.Runtime.execute(Runtime.java:94)
	at io.cucumber.core.runtime.Runtime.run(Runtime.java:80)
	at io.cucumber.core.cli.Main.run(Main.java:87)
	at io.cucumber.core.cli.Main.main(Main.java:30)
2022-05-26 21:05:505 INFO  LoggerHelper:118 - [[ChromeDriver: chrome on WINDOWS (7d11023671e4134a7e339e98a7a52126)] -> xpath: //div[@class='ant-tabs-tabpane ant-tabs-tabpane-active']//input[@id='username']]	 typed.
2022-05-26 21:05:506 INFO  LoggerHelper:40 - Inside Step - user enters email
2022-05-26 21:05:519 ERROR LoggerHelper:114 - [[ChromeDriver: chrome on WINDOWS (7d11023671e4134a7e339e98a7a52126)] -> xpath: //div[@class='ant-tabs-tabpane ant-tabs-tabpane-active']//input[@id='email']]	is not visible 
java.lang.NullPointerException
	at pages.AbstractClass.sendKeysFunction(AbstractClass.java:108)
	at pages.signUpPage.typeEmail(signUpPage.java:47)
	at stepDefinitions.signUpSteps.enterTheUniqueEmail(signUpSteps.java:41)
	at sun.reflect.NativeMethodAccessorImpl.invoke0(Native Method)
	at sun.reflect.NativeMethodAccessorImpl.invoke(NativeMethodAccessorImpl.java:62)
	at sun.reflect.DelegatingMethodAccessorImpl.invoke(DelegatingMethodAccessorImpl.java:43)
	at java.lang.reflect.Method.invoke(Method.java:498)
	at io.cucumber.java.Invoker.doInvoke(Invoker.java:66)
	at io.cucumber.java.Invoker.invoke(Invoker.java:24)
	at io.cucumber.java.AbstractGlueDefinition.invokeMethod(AbstractGlueDefinition.java:47)
	at io.cucumber.java.JavaStepDefinition.execute(JavaStepDefinition.java:29)
	at io.cucumber.core.runner.CoreStepDefinition.execute(CoreStepDefinition.java:66)
	at io.cucumber.core.runner.PickleStepDefinitionMatch.runStep(PickleStepDefinitionMatch.java:63)
	at io.cucumber.core.runner.ExecutionMode$1.execute(ExecutionMode.java:10)
	at io.cucumber.core.runner.TestStep.executeStep(TestStep.java:86)
	at io.cucumber.core.runner.TestStep.run(TestStep.java:57)
	at io.cucumber.core.runner.PickleStepTestStep.run(PickleStepTestStep.java:51)
	at io.cucumber.core.runner.TestCase.run(TestCase.java:95)
	at io.cucumber.core.runner.Runner.runPickle(Runner.java:75)
	at io.cucumber.core.runtime.Runtime.lambda$executePickle$6(Runtime.java:128)
	at io.cucumber.core.runtime.CucumberExecutionContext.lambda$runTestCase$3(CucumberExecutionContext.java:151)
	at io.cucumber.core.runtime.RethrowingThrowableCollector.executeAndThrow(RethrowingThrowableCollector.java:23)
	at io.cucumber.core.runtime.CucumberExecutionContext.runTestCase(CucumberExecutionContext.java:151)
	at io.cucumber.core.runtime.Runtime.lambda$executePickle$7(Runtime.java:128)
	at java.util.concurrent.Executors$RunnableAdapter.call(Executors.java:511)
	at java.util.concurrent.FutureTask.run(FutureTask.java:266)
	at io.cucumber.core.runtime.Runtime$SameThreadExecutorService.execute(Runtime.java:249)
	at java.util.concurrent.AbstractExecutorService.submit(AbstractExecutorService.java:112)
	at io.cucumber.core.runtime.Runtime.lambda$runFeatures$3(Runtime.java:110)
	at java.util.stream.ReferencePipeline$3$1.accept(ReferencePipeline.java:193)
	at java.util.stream.SliceOps$1$1.accept(SliceOps.java:204)
	at java.util.ArrayList$ArrayListSpliterator.tryAdvance(ArrayList.java:1359)
	at java.util.stream.ReferencePipeline.forEachWithCancel(ReferencePipeline.java:126)
	at java.util.stream.AbstractPipeline.copyIntoWithCancel(AbstractPipeline.java:498)
	at java.util.stream.AbstractPipeline.copyInto(AbstractPipeline.java:485)
	at java.util.stream.AbstractPipeline.wrapAndCopyInto(AbstractPipeline.java:471)
	at java.util.stream.ReduceOps$ReduceOp.evaluateSequential(ReduceOps.java:708)
	at java.util.stream.AbstractPipeline.evaluate(AbstractPipeline.java:234)
	at java.util.stream.ReferencePipeline.collect(ReferencePipeline.java:499)
	at io.cucumber.core.runtime.Runtime.runFeatures(Runtime.java:111)
	at io.cucumber.core.runtime.Runtime.lambda$run$0(Runtime.java:82)
	at io.cucumber.core.runtime.Runtime.execute(Runtime.java:94)
	at io.cucumber.core.runtime.Runtime.run(Runtime.java:80)
	at io.cucumber.core.cli.Main.run(Main.java:87)
	at io.cucumber.core.cli.Main.main(Main.java:30)
2022-05-26 21:05:710 INFO  LoggerHelper:118 - [[ChromeDriver: chrome on WINDOWS (7d11023671e4134a7e339e98a7a52126)] -> xpath: //div[@class='ant-tabs-tabpane ant-tabs-tabpane-active']//input[@id='email']]	 typed.
2022-05-26 21:05:711 INFO  LoggerHelper:46 - Inside Step - user enters password
2022-05-26 21:05:726 ERROR LoggerHelper:114 - [[ChromeDriver: chrome on WINDOWS (7d11023671e4134a7e339e98a7a52126)] -> xpath: //div[@class='ant-tabs-tabpane ant-tabs-tabpane-active']//input[@id='password']]	is not visible 
java.lang.NullPointerException
	at pages.AbstractClass.sendKeysFunction(AbstractClass.java:108)
	at pages.signUpPage.typePassword(signUpPage.java:50)
	at stepDefinitions.signUpSteps.enterTheFirst(signUpSteps.java:47)
	at sun.reflect.NativeMethodAccessorImpl.invoke0(Native Method)
	at sun.reflect.NativeMethodAccessorImpl.invoke(NativeMethodAccessorImpl.java:62)
	at sun.reflect.DelegatingMethodAccessorImpl.invoke(DelegatingMethodAccessorImpl.java:43)
	at java.lang.reflect.Method.invoke(Method.java:498)
	at io.cucumber.java.Invoker.doInvoke(Invoker.java:66)
	at io.cucumber.java.Invoker.invoke(Invoker.java:24)
	at io.cucumber.java.AbstractGlueDefinition.invokeMethod(AbstractGlueDefinition.java:47)
	at io.cucumber.java.JavaStepDefinition.execute(JavaStepDefinition.java:29)
	at io.cucumber.core.runner.CoreStepDefinition.execute(CoreStepDefinition.java:66)
	at io.cucumber.core.runner.PickleStepDefinitionMatch.runStep(PickleStepDefinitionMatch.java:63)
	at io.cucumber.core.runner.ExecutionMode$1.execute(ExecutionMode.java:10)
	at io.cucumber.core.runner.TestStep.executeStep(TestStep.java:86)
	at io.cucumber.core.runner.TestStep.run(TestStep.java:57)
	at io.cucumber.core.runner.PickleStepTestStep.run(PickleStepTestStep.java:51)
	at io.cucumber.core.runner.TestCase.run(TestCase.java:95)
	at io.cucumber.core.runner.Runner.runPickle(Runner.java:75)
	at io.cucumber.core.runtime.Runtime.lambda$executePickle$6(Runtime.java:128)
	at io.cucumber.core.runtime.CucumberExecutionContext.lambda$runTestCase$3(CucumberExecutionContext.java:151)
	at io.cucumber.core.runtime.RethrowingThrowableCollector.executeAndThrow(RethrowingThrowableCollector.java:23)
	at io.cucumber.core.runtime.CucumberExecutionContext.runTestCase(CucumberExecutionContext.java:151)
	at io.cucumber.core.runtime.Runtime.lambda$executePickle$7(Runtime.java:128)
	at java.util.concurrent.Executors$RunnableAdapter.call(Executors.java:511)
	at java.util.concurrent.FutureTask.run(FutureTask.java:266)
	at io.cucumber.core.runtime.Runtime$SameThreadExecutorService.execute(Runtime.java:249)
	at java.util.concurrent.AbstractExecutorService.submit(AbstractExecutorService.java:112)
	at io.cucumber.core.runtime.Runtime.lambda$runFeatures$3(Runtime.java:110)
	at java.util.stream.ReferencePipeline$3$1.accept(ReferencePipeline.java:193)
	at java.util.stream.SliceOps$1$1.accept(SliceOps.java:204)
	at java.util.ArrayList$ArrayListSpliterator.tryAdvance(ArrayList.java:1359)
	at java.util.stream.ReferencePipeline.forEachWithCancel(ReferencePipeline.java:126)
	at java.util.stream.AbstractPipeline.copyIntoWithCancel(AbstractPipeline.java:498)
	at java.util.stream.AbstractPipeline.copyInto(AbstractPipeline.java:485)
	at java.util.stream.AbstractPipeline.wrapAndCopyInto(AbstractPipeline.java:471)
	at java.util.stream.ReduceOps$ReduceOp.evaluateSequential(ReduceOps.java:708)
	at java.util.stream.AbstractPipeline.evaluate(AbstractPipeline.java:234)
	at java.util.stream.ReferencePipeline.collect(ReferencePipeline.java:499)
	at io.cucumber.core.runtime.Runtime.runFeatures(Runtime.java:111)
	at io.cucumber.core.runtime.Runtime.lambda$run$0(Runtime.java:82)
	at io.cucumber.core.runtime.Runtime.execute(Runtime.java:94)
	at io.cucumber.core.runtime.Runtime.run(Runtime.java:80)
	at io.cucumber.core.cli.Main.run(Main.java:87)
	at io.cucumber.core.cli.Main.main(Main.java:30)
2022-05-26 21:05:861 INFO  LoggerHelper:118 - [[ChromeDriver: chrome on WINDOWS (7d11023671e4134a7e339e98a7a52126)] -> xpath: //div[@class='ant-tabs-tabpane ant-tabs-tabpane-active']//input[@id='password']]	 typed.
2022-05-26 21:05:863 INFO  LoggerHelper:52 - Inside Step - user enters passsword again
2022-05-26 21:05:877 ERROR LoggerHelper:114 - [[ChromeDriver: chrome on WINDOWS (7d11023671e4134a7e339e98a7a52126)] -> xpath: //div[@class='ant-tabs-tabpane ant-tabs-tabpane-active']//input[@id='rePassword']]	is not visible 
java.lang.NullPointerException
	at pages.AbstractClass.sendKeysFunction(AbstractClass.java:108)
	at pages.signUpPage.typeRePassword(signUpPage.java:53)
	at stepDefinitions.signUpSteps.enterTheAgain(signUpSteps.java:53)
	at sun.reflect.NativeMethodAccessorImpl.invoke0(Native Method)
	at sun.reflect.NativeMethodAccessorImpl.invoke(NativeMethodAccessorImpl.java:62)
	at sun.reflect.DelegatingMethodAccessorImpl.invoke(DelegatingMethodAccessorImpl.java:43)
	at java.lang.reflect.Method.invoke(Method.java:498)
	at io.cucumber.java.Invoker.doInvoke(Invoker.java:66)
	at io.cucumber.java.Invoker.invoke(Invoker.java:24)
	at io.cucumber.java.AbstractGlueDefinition.invokeMethod(AbstractGlueDefinition.java:47)
	at io.cucumber.java.JavaStepDefinition.execute(JavaStepDefinition.java:29)
	at io.cucumber.core.runner.CoreStepDefinition.execute(CoreStepDefinition.java:66)
	at io.cucumber.core.runner.PickleStepDefinitionMatch.runStep(PickleStepDefinitionMatch.java:63)
	at io.cucumber.core.runner.ExecutionMode$1.execute(ExecutionMode.java:10)
	at io.cucumber.core.runner.TestStep.executeStep(TestStep.java:86)
	at io.cucumber.core.runner.TestStep.run(TestStep.java:57)
	at io.cucumber.core.runner.PickleStepTestStep.run(PickleStepTestStep.java:51)
	at io.cucumber.core.runner.TestCase.run(TestCase.java:95)
	at io.cucumber.core.runner.Runner.runPickle(Runner.java:75)
	at io.cucumber.core.runtime.Runtime.lambda$executePickle$6(Runtime.java:128)
	at io.cucumber.core.runtime.CucumberExecutionContext.lambda$runTestCase$3(CucumberExecutionContext.java:151)
	at io.cucumber.core.runtime.RethrowingThrowableCollector.executeAndThrow(RethrowingThrowableCollector.java:23)
	at io.cucumber.core.runtime.CucumberExecutionContext.runTestCase(CucumberExecutionContext.java:151)
	at io.cucumber.core.runtime.Runtime.lambda$executePickle$7(Runtime.java:128)
	at java.util.concurrent.Executors$RunnableAdapter.call(Executors.java:511)
	at java.util.concurrent.FutureTask.run(FutureTask.java:266)
	at io.cucumber.core.runtime.Runtime$SameThreadExecutorService.execute(Runtime.java:249)
	at java.util.concurrent.AbstractExecutorService.submit(AbstractExecutorService.java:112)
	at io.cucumber.core.runtime.Runtime.lambda$runFeatures$3(Runtime.java:110)
	at java.util.stream.ReferencePipeline$3$1.accept(ReferencePipeline.java:193)
	at java.util.stream.SliceOps$1$1.accept(SliceOps.java:204)
	at java.util.ArrayList$ArrayListSpliterator.tryAdvance(ArrayList.java:1359)
	at java.util.stream.ReferencePipeline.forEachWithCancel(ReferencePipeline.java:126)
	at java.util.stream.AbstractPipeline.copyIntoWithCancel(AbstractPipeline.java:498)
	at java.util.stream.AbstractPipeline.copyInto(AbstractPipeline.java:485)
	at java.util.stream.AbstractPipeline.wrapAndCopyInto(AbstractPipeline.java:471)
	at java.util.stream.ReduceOps$ReduceOp.evaluateSequential(ReduceOps.java:708)
	at java.util.stream.AbstractPipeline.evaluate(AbstractPipeline.java:234)
	at java.util.stream.ReferencePipeline.collect(ReferencePipeline.java:499)
	at io.cucumber.core.runtime.Runtime.runFeatures(Runtime.java:111)
	at io.cucumber.core.runtime.Runtime.lambda$run$0(Runtime.java:82)
	at io.cucumber.core.runtime.Runtime.execute(Runtime.java:94)
	at io.cucumber.core.runtime.Runtime.run(Runtime.java:80)
	at io.cucumber.core.cli.Main.run(Main.java:87)
	at io.cucumber.core.cli.Main.main(Main.java:30)
2022-05-26 21:05:04 INFO  LoggerHelper:118 - [[ChromeDriver: chrome on WINDOWS (7d11023671e4134a7e339e98a7a52126)] -> xpath: //div[@class='ant-tabs-tabpane ant-tabs-tabpane-active']//input[@id='rePassword']]	 typed.
2022-05-26 21:05:05 INFO  LoggerHelper:57 - Inside Step - user clicks sign up button
2022-05-26 21:05:17 ERROR LoggerHelper:93 - [[ChromeDriver: chrome on WINDOWS (7d11023671e4134a7e339e98a7a52126)] -> xpath: //div[@class='ant-tabs-tabpane ant-tabs-tabpane-active']//button[@type='submit']]	is not visible.
java.lang.NullPointerException
	at pages.AbstractClass.clickOnFunctionalities(AbstractClass.java:85)
	at pages.signUpPage.clickSignUpButton(signUpPage.java:57)
	at stepDefinitions.signUpSteps.clickTheSignUpButton(signUpSteps.java:58)
	at sun.reflect.NativeMethodAccessorImpl.invoke0(Native Method)
	at sun.reflect.NativeMethodAccessorImpl.invoke(NativeMethodAccessorImpl.java:62)
	at sun.reflect.DelegatingMethodAccessorImpl.invoke(DelegatingMethodAccessorImpl.java:43)
	at java.lang.reflect.Method.invoke(Method.java:498)
	at io.cucumber.java.Invoker.doInvoke(Invoker.java:66)
	at io.cucumber.java.Invoker.invoke(Invoker.java:24)
	at io.cucumber.java.AbstractGlueDefinition.invokeMethod(AbstractGlueDefinition.java:47)
	at io.cucumber.java.JavaStepDefinition.execute(JavaStepDefinition.java:29)
	at io.cucumber.core.runner.CoreStepDefinition.execute(CoreStepDefinition.java:66)
	at io.cucumber.core.runner.PickleStepDefinitionMatch.runStep(PickleStepDefinitionMatch.java:63)
	at io.cucumber.core.runner.ExecutionMode$1.execute(ExecutionMode.java:10)
	at io.cucumber.core.runner.TestStep.executeStep(TestStep.java:86)
	at io.cucumber.core.runner.TestStep.run(TestStep.java:57)
	at io.cucumber.core.runner.PickleStepTestStep.run(PickleStepTestStep.java:51)
	at io.cucumber.core.runner.TestCase.run(TestCase.java:95)
	at io.cucumber.core.runner.Runner.runPickle(Runner.java:75)
	at io.cucumber.core.runtime.Runtime.lambda$executePickle$6(Runtime.java:128)
	at io.cucumber.core.runtime.CucumberExecutionContext.lambda$runTestCase$3(CucumberExecutionContext.java:151)
	at io.cucumber.core.runtime.RethrowingThrowableCollector.executeAndThrow(RethrowingThrowableCollector.java:23)
	at io.cucumber.core.runtime.CucumberExecutionContext.runTestCase(CucumberExecutionContext.java:151)
	at io.cucumber.core.runtime.Runtime.lambda$executePickle$7(Runtime.java:128)
	at java.util.concurrent.Executors$RunnableAdapter.call(Executors.java:511)
	at java.util.concurrent.FutureTask.run(FutureTask.java:266)
	at io.cucumber.core.runtime.Runtime$SameThreadExecutorService.execute(Runtime.java:249)
	at java.util.concurrent.AbstractExecutorService.submit(AbstractExecutorService.java:112)
	at io.cucumber.core.runtime.Runtime.lambda$runFeatures$3(Runtime.java:110)
	at java.util.stream.ReferencePipeline$3$1.accept(ReferencePipeline.java:193)
	at java.util.stream.SliceOps$1$1.accept(SliceOps.java:204)
	at java.util.ArrayList$ArrayListSpliterator.tryAdvance(ArrayList.java:1359)
	at java.util.stream.ReferencePipeline.forEachWithCancel(ReferencePipeline.java:126)
	at java.util.stream.AbstractPipeline.copyIntoWithCancel(AbstractPipeline.java:498)
	at java.util.stream.AbstractPipeline.copyInto(AbstractPipeline.java:485)
	at java.util.stream.AbstractPipeline.wrapAndCopyInto(AbstractPipeline.java:471)
	at java.util.stream.ReduceOps$ReduceOp.evaluateSequential(ReduceOps.java:708)
	at java.util.stream.AbstractPipeline.evaluate(AbstractPipeline.java:234)
	at java.util.stream.ReferencePipeline.collect(ReferencePipeline.java:499)
	at io.cucumber.core.runtime.Runtime.runFeatures(Runtime.java:111)
	at io.cucumber.core.runtime.Runtime.lambda$run$0(Runtime.java:82)
	at io.cucumber.core.runtime.Runtime.execute(Runtime.java:94)
	at io.cucumber.core.runtime.Runtime.run(Runtime.java:80)
	at io.cucumber.core.cli.Main.run(Main.java:87)
	at io.cucumber.core.cli.Main.main(Main.java:30)
2022-05-26 21:05:76 INFO  LoggerHelper:98 - [[ChromeDriver: chrome on WINDOWS (7d11023671e4134a7e339e98a7a52126)] -> xpath: //div[@class='ant-tabs-tabpane ant-tabs-tabpane-active']//button[@type='submit']]	clicked.
2022-05-26 21:05:76 INFO  LoggerHelper:68 - Inside Step - user see error sign up message already registered email
2022-05-26 21:05:281 INFO  LoggerHelper:78 - Inside Step - close browser
2022-05-26 21:05:998 INFO  LoggerHelper:30 - Driver closed.
2022-05-26 21:05:999 INFO  LoggerHelper:93 - Inside Step - close browser
